Not a conda environment: /global/projectb/scratch/bjcole/bin/env_STARsolo
ss_003
DropSeq
java -ea -Xmx26411m -Xms26411m -cp /global/projectb/scratch/bjcole/bin/bbmap/current/ jgi.BBDukF in1=/global/projectb/scratch/bjcole/at.sc.db/scratch/ss_003_1.fastq in2=/global/projectb/scratch/bjcole/at.sc.db/scratch/ss_003_2.fastq out1=/global/projectb/scratch/bjcole/at.sc.db/scratch/ss_003_rRNA_filtered_1.fastq out2=/global/projectb/scratch/bjcole/at.sc.db/scratch/ss_003_rRNA_filtered_2.fastq k=21 edist=2 ref=/global/projectb/scratch/bjcole/at.sc.db/scratch/at10/rrna_seqs.fa
Executing jgi.BBDukF [in1=/global/projectb/scratch/bjcole/at.sc.db/scratch/ss_003_1.fastq, in2=/global/projectb/scratch/bjcole/at.sc.db/scratch/ss_003_2.fastq, out1=/global/projectb/scratch/bjcole/at.sc.db/scratch/ss_003_rRNA_filtered_1.fastq, out2=/global/projectb/scratch/bjcole/at.sc.db/scratch/ss_003_rRNA_filtered_2.fastq, k=21, edist=2, ref=/global/projectb/scratch/bjcole/at.sc.db/scratch/at10/rrna_seqs.fa]
Version 38.26

0.220 seconds.
Initial:
Memory: max=26541m, total=26541m, free=25987m, used=554m

Added 38749053 kmers; time: 	8.915 seconds.
Memory: max=26541m, total=26541m, free=24088m, used=2453m

Input is being processed as paired
Started output streams:	0.084 seconds.
Processing time:   		812.367 seconds.

Input:                  	372600468 reads 		14904018720 bases.
Contaminants:           	20597626 reads (5.53%) 	823905040 bases (5.53%)
Total Removed:          	20597626 reads (5.53%) 	823905040 bases (5.53%)
Result:                 	352002842 reads (94.47%) 	14080113680 bases (94.47%)

Time:                         	821.384 seconds.
Reads Processed:        372m 	453.63k reads/sec
Bases Processed:      14904m 	18.15m bases/sec
java -ea -Xmx14888m -Xms14888m -cp /global/projectb/scratch/bjcole/bin/bbmap/current/ jgi.BBDukF in1=/global/projectb/scratch/bjcole/at.sc.db/scratch/ss_003_rRNA_filtered_1.fastq in2=/global/projectb/scratch/bjcole/at.sc.db/scratch/ss_003_rRNA_filtered_2.fastq out1=/global/projectb/scratch/bjcole/at.sc.db/scratch/ss_003_R1.fastq out2=/global/projectb/scratch/bjcole/at.sc.db/scratch/ss_003_R2.fastq ref=/global/projectb/scratch/bjcole/bin/bbmap/resources/adapters.fa k=21 mink=11 minlen=19 edist=2 ktrim=r qtrim=30
Executing jgi.BBDukF [in1=/global/projectb/scratch/bjcole/at.sc.db/scratch/ss_003_rRNA_filtered_1.fastq, in2=/global/projectb/scratch/bjcole/at.sc.db/scratch/ss_003_rRNA_filtered_2.fastq, out1=/global/projectb/scratch/bjcole/at.sc.db/scratch/ss_003_R1.fastq, out2=/global/projectb/scratch/bjcole/at.sc.db/scratch/ss_003_R2.fastq, ref=/global/projectb/scratch/bjcole/bin/bbmap/resources/adapters.fa, k=21, mink=11, minlen=19, edist=2, ktrim=r, qtrim=30]
Version 38.26

maskMiddle was disabled because useShortKmers=true
0.029 seconds.
Initial:
Memory: max=14961m, total=14961m, free=14646m, used=315m

Added 20133279 kmers; time: 	8.633 seconds.
Memory: max=14961m, total=14961m, free=13577m, used=1384m

Input is being processed as paired
Started output streams:	0.132 seconds.
Processing time:   		465.558 seconds.

Input:                  	352002842 reads 		14080113680 bases.
QTrimmed:               	131288787 reads (37.30%) 	4178492220 bases (29.68%)
KTrimmed:               	12164806 reads (3.46%) 	376002015 bases (2.67%)
Total Removed:          	81862982 reads (23.26%) 	4554494235 bases (32.35%)
Result:                 	270139860 reads (76.74%) 	9525619445 bases (67.65%)

Time:                         	474.327 seconds.
Reads Processed:        352m 	742.11k reads/sec
Bases Processed:      14080m 	29.68m bases/sec
