STAR version=2.7.1a
STAR compilation time,server,dir=Tue May 14 12:14:27 EDT 2019 vega:/home/dobin/data/STAR/STARcode/STAR.master/source
##### DEFAULT parameters:
versionGenome                     2.7.1a
parametersFiles                   -   
sysShell                          -
runMode                           alignReads
runThreadN                        1
runDirPerm                        User_RWX
runRNGseed                        777
genomeDir                         ./GenomeDir/
genomeLoad                        NoSharedMemory
genomeFastaFiles                  -   
genomeChainFiles                  -   
genomeSAindexNbases               14
genomeChrBinNbits                 18
genomeSAsparseD                   1
genomeSuffixLengthMax             18446744073709551615
genomeFileSizes                   0   
genomeConsensusFile               -
readFilesType                     Fastx   
readFilesIn                       Read1   Read2   
readFilesPrefix                   -
readFilesCommand                  -   
readMatesLengthsIn                NotEqual
readMapNumber                     18446744073709551615
readNameSeparator                 /   
inputBAMfile                      -
bamRemoveDuplicatesType           -
bamRemoveDuplicatesMate2basesN    0
limitGenomeGenerateRAM            31000000000
limitIObufferSize                 150000000
limitOutSAMoneReadBytes           100000
limitOutSJcollapsed               1000000
limitOutSJoneRead                 1000
limitBAMsortRAM                   0
limitSjdbInsertNsj                1000000
limitNreadsSoft                   18446744073709551615
outFileNamePrefix                 ./
outTmpKeep                        None
outStd                            Log
outReadsUnmapped                  None
outQSconversionAdd                0
outMultimapperOrder               Old_2.4
outSAMtype                        SAM   
outSAMmode                        Full
outSAMstrandField                 None
outSAMattributes                  Standard   
outSAMunmapped                    None   
outSAMorder                       Paired
outSAMprimaryFlag                 OneBestScore
outSAMreadID                      Standard
outSAMmapqUnique                  255
outSAMflagOR                      0
outSAMflagAND                     65535
outSAMattrRGline                  -   
outSAMheaderHD                    -   
outSAMheaderPG                    -   
outSAMheaderCommentFile           -
outBAMcompression                 1
outBAMsortingThreadN              0
outBAMsortingBinsN                50
outSAMfilter                      None   
outSAMmultNmax                    18446744073709551615
outSAMattrIHstart                 1
outSAMtlen                        1
outSJfilterReads                  All
outSJfilterCountUniqueMin         3   1   1   1   
outSJfilterCountTotalMin          3   1   1   1   
outSJfilterOverhangMin            30   12   12   12   
outSJfilterDistToOtherSJmin       10   0   5   10   
outSJfilterIntronMaxVsReadN       50000   100000   200000   
outWigType                        None   
outWigStrand                      Stranded   
outWigReferencesPrefix            -
outWigNorm                        RPM   
outFilterType                     Normal
outFilterMultimapNmax             10
outFilterMultimapScoreRange       1
outFilterScoreMin                 0
outFilterScoreMinOverLread        0.66
outFilterMatchNmin                0
outFilterMatchNminOverLread       0.66
outFilterMismatchNmax             10
outFilterMismatchNoverLmax        0.3
outFilterMismatchNoverReadLmax    1
outFilterIntronMotifs             None
outFilterIntronStrands            RemoveInconsistentStrands
clip5pNbases                      0   
clip3pNbases                      0   
clip3pAfterAdapterNbases          0   
clip3pAdapterSeq                  -   
clip3pAdapterMMp                  0.1   
winBinNbits                       16
winAnchorDistNbins                9
winFlankNbins                     4
winAnchorMultimapNmax             50
winReadCoverageRelativeMin        0.5
winReadCoverageBasesMin           0
scoreGap                          0
scoreGapNoncan                    -8
scoreGapGCAG                      -4
scoreGapATAC                      -8
scoreStitchSJshift                1
scoreGenomicLengthLog2scale       -0.25
scoreDelBase                      -2
scoreDelOpen                      -2
scoreInsOpen                      -2
scoreInsBase                      -2
seedSearchLmax                    0
seedSearchStartLmax               50
seedSearchStartLmaxOverLread      1
seedPerReadNmax                   1000
seedPerWindowNmax                 50
seedNoneLociPerWindow             10
seedMultimapNmax                  10000
seedSplitMin                      12
alignIntronMin                    21
alignIntronMax                    0
alignMatesGapMax                  0
alignTranscriptsPerReadNmax       10000
alignSJoverhangMin                5
alignSJDBoverhangMin              3
alignSJstitchMismatchNmax         0   -1   0   0   
alignSplicedMateMapLmin           0
alignSplicedMateMapLminOverLmate    0.66
alignWindowsPerReadNmax           10000
alignTranscriptsPerWindowNmax     100
alignEndsType                     Local
alignSoftClipAtReferenceEnds      Yes
alignEndsProtrude                 0   ConcordantPair   
alignInsertionFlush               None
peOverlapNbasesMin                0
peOverlapMMp                      0.01
chimSegmentMin                    0
chimScoreMin                      0
chimScoreDropMax                  20
chimScoreSeparation               10
chimScoreJunctionNonGTAG          -1
chimMainSegmentMultNmax           10
chimJunctionOverhangMin           20
chimOutType                       Junctions   
chimFilter                        banGenomicN   
chimSegmentReadGapMax             0
chimMultimapNmax                  0
chimMultimapScoreRange            1
chimNonchimScoreDropMin           20
chimOutJunctionFormat             0   
sjdbFileChrStartEnd               -   
sjdbGTFfile                       -
sjdbGTFchrPrefix                  -
sjdbGTFfeatureExon                exon
sjdbGTFtagExonParentTranscript    transcript_id
sjdbGTFtagExonParentGene          gene_id
sjdbGTFtagExonParentGeneName      gene_name   
sjdbGTFtagExonParentGeneType      gene_type   gene_biotype   
sjdbOverhang                      100
sjdbScore                         2
sjdbInsertSave                    Basic
varVCFfile                        -
waspOutputMode                    None
quantMode                         -   
quantTranscriptomeBAMcompression    1
quantTranscriptomeBan             IndelSoftclipSingleend
twopass1readsN                    18446744073709551615
twopassMode                       None
soloType                          None
soloCBstart                       1
soloUMIstart                      17
soloCBlen                         16
soloUMIlen                        10
soloBarcodeReadLength             1
soloCBwhitelist                   -
soloStrand                        Forward
soloOutFileNames                  Solo.out/   genes.tsv   barcodes.tsv   matrix.mtx   matrixSJ.mtx   matrixGeneFull.mtx   
soloFeatures                      Gene   
soloUMIdedup                      1MM_All   
##### Command Line:
STAR --runMode genomeGenerate --genomeDir /global/projectb/scratch/bjcole/at.sc.db/scratch//at10 --genomeFastaFiles /global/projectb/scratch/bjcole/at.sc.db/scratch//at10/at10.fa --sjdbGTFfile /global/projectb/scratch/bjcole/at.sc.db/scratch//at10/at10.gtf --outTmpDir /global/projectb/scratch/bjcole/at.sc.db/scratch//at10/_STARtmp --sjdbOverhang 100 --runThreadN 4 -Xmx15G
##### Initial USER parameters from Command Line:
outTmpDir                         /global/projectb/scratch/bjcole/at.sc.db/scratch//at10/_STARtmp
###### All USER parameters from Command Line:
runMode                       genomeGenerate     ~RE-DEFINED
genomeDir                     /global/projectb/scratch/bjcole/at.sc.db/scratch//at10     ~RE-DEFINED
genomeFastaFiles              /global/projectb/scratch/bjcole/at.sc.db/scratch//at10/at10.fa        ~RE-DEFINED
sjdbGTFfile                   /global/projectb/scratch/bjcole/at.sc.db/scratch//at10/at10.gtf     ~RE-DEFINED
outTmpDir                     /global/projectb/scratch/bjcole/at.sc.db/scratch//at10/_STARtmp     ~RE-DEFINED
sjdbOverhang                  100     ~RE-DEFINED
runThreadN                    4     ~RE-DEFINED
##### Finished reading parameters from all sources

##### Final user re-defined parameters-----------------:
runMode                           genomeGenerate
runThreadN                        4
genomeDir                         /global/projectb/scratch/bjcole/at.sc.db/scratch//at10
genomeFastaFiles                  /global/projectb/scratch/bjcole/at.sc.db/scratch//at10/at10.fa   
outTmpDir                         /global/projectb/scratch/bjcole/at.sc.db/scratch//at10/_STARtmp
sjdbGTFfile                       /global/projectb/scratch/bjcole/at.sc.db/scratch//at10/at10.gtf
sjdbOverhang                      100

-------------------------------
##### Final effective command line:
STAR   --runMode genomeGenerate   --runThreadN 4   --genomeDir /global/projectb/scratch/bjcole/at.sc.db/scratch//at10   --genomeFastaFiles /global/projectb/scratch/bjcole/at.sc.db/scratch//at10/at10.fa      --outTmpDir /global/projectb/scratch/bjcole/at.sc.db/scratch//at10/_STARtmp   --sjdbGTFfile /global/projectb/scratch/bjcole/at.sc.db/scratch//at10/at10.gtf   --sjdbOverhang 100

##### Final parameters after user input--------------------------------:
versionGenome                     2.7.1a
parametersFiles                   -   
sysShell                          -
runMode                           genomeGenerate
runThreadN                        4
runDirPerm                        User_RWX
runRNGseed                        777
genomeDir                         /global/projectb/scratch/bjcole/at.sc.db/scratch//at10
genomeLoad                        NoSharedMemory
genomeFastaFiles                  /global/projectb/scratch/bjcole/at.sc.db/scratch//at10/at10.fa   
genomeChainFiles                  -   
genomeSAindexNbases               14
genomeChrBinNbits                 18
genomeSAsparseD                   1
genomeSuffixLengthMax             18446744073709551615
genomeFileSizes                   0   
genomeConsensusFile               -
readFilesType                     Fastx   
readFilesIn                       Read1   Read2   
readFilesPrefix                   -
readFilesCommand                  -   
readMatesLengthsIn                NotEqual
readMapNumber                     18446744073709551615
readNameSeparator                 /   
inputBAMfile                      -
bamRemoveDuplicatesType           -
bamRemoveDuplicatesMate2basesN    0
limitGenomeGenerateRAM            31000000000
limitIObufferSize                 150000000
limitOutSAMoneReadBytes           100000
limitOutSJcollapsed               1000000
limitOutSJoneRead                 1000
limitBAMsortRAM                   0
limitSjdbInsertNsj                1000000
limitNreadsSoft                   18446744073709551615
outFileNamePrefix                 ./
outTmpDir                         /global/projectb/scratch/bjcole/at.sc.db/scratch//at10/_STARtmp
outTmpKeep                        None
outStd                            Log
outReadsUnmapped                  None
outQSconversionAdd                0
outMultimapperOrder               Old_2.4
outSAMtype                        SAM   
outSAMmode                        Full
outSAMstrandField                 None
outSAMattributes                  Standard   
outSAMunmapped                    None   
outSAMorder                       Paired
outSAMprimaryFlag                 OneBestScore
outSAMreadID                      Standard
outSAMmapqUnique                  255
outSAMflagOR                      0
outSAMflagAND                     65535
outSAMattrRGline                  -   
outSAMheaderHD                    -   
outSAMheaderPG                    -   
outSAMheaderCommentFile           -
outBAMcompression                 1
outBAMsortingThreadN              0
outBAMsortingBinsN                50
outSAMfilter                      None   
outSAMmultNmax                    18446744073709551615
outSAMattrIHstart                 1
outSAMtlen                        1
outSJfilterReads                  All
outSJfilterCountUniqueMin         3   1   1   1   
outSJfilterCountTotalMin          3   1   1   1   
outSJfilterOverhangMin            30   12   12   12   
outSJfilterDistToOtherSJmin       10   0   5   10   
outSJfilterIntronMaxVsReadN       50000   100000   200000   
outWigType                        None   
outWigStrand                      Stranded   
outWigReferencesPrefix            -
outWigNorm                        RPM   
outFilterType                     Normal
outFilterMultimapNmax             10
outFilterMultimapScoreRange       1
outFilterScoreMin                 0
outFilterScoreMinOverLread        0.66
outFilterMatchNmin                0
outFilterMatchNminOverLread       0.66
outFilterMismatchNmax             10
outFilterMismatchNoverLmax        0.3
outFilterMismatchNoverReadLmax    1
outFilterIntronMotifs             None
outFilterIntronStrands            RemoveInconsistentStrands
clip5pNbases                      0   
clip3pNbases                      0   
clip3pAfterAdapterNbases          0   
clip3pAdapterSeq                  -   
clip3pAdapterMMp                  0.1   
winBinNbits                       16
winAnchorDistNbins                9
winFlankNbins                     4
winAnchorMultimapNmax             50
winReadCoverageRelativeMin        0.5
winReadCoverageBasesMin           0
scoreGap                          0
scoreGapNoncan                    -8
scoreGapGCAG                      -4
scoreGapATAC                      -8
scoreStitchSJshift                1
scoreGenomicLengthLog2scale       -0.25
scoreDelBase                      -2
scoreDelOpen                      -2
scoreInsOpen                      -2
scoreInsBase                      -2
seedSearchLmax                    0
seedSearchStartLmax               50
seedSearchStartLmaxOverLread      1
seedPerReadNmax                   1000
seedPerWindowNmax                 50
seedNoneLociPerWindow             10
seedMultimapNmax                  10000
seedSplitMin                      12
alignIntronMin                    21
alignIntronMax                    0
alignMatesGapMax                  0
alignTranscriptsPerReadNmax       10000
alignSJoverhangMin                5
alignSJDBoverhangMin              3
alignSJstitchMismatchNmax         0   -1   0   0   
alignSplicedMateMapLmin           0
alignSplicedMateMapLminOverLmate    0.66
alignWindowsPerReadNmax           10000
alignTranscriptsPerWindowNmax     100
alignEndsType                     Local
alignSoftClipAtReferenceEnds      Yes
alignEndsProtrude                 0   ConcordantPair   
alignInsertionFlush               None
peOverlapNbasesMin                0
peOverlapMMp                      0.01
chimSegmentMin                    0
chimScoreMin                      0
chimScoreDropMax                  20
chimScoreSeparation               10
chimScoreJunctionNonGTAG          -1
chimMainSegmentMultNmax           10
chimJunctionOverhangMin           20
chimOutType                       Junctions   
chimFilter                        banGenomicN   
chimSegmentReadGapMax             0
chimMultimapNmax                  0
chimMultimapScoreRange            1
chimNonchimScoreDropMin           20
chimOutJunctionFormat             0   
sjdbFileChrStartEnd               -   
sjdbGTFfile                       /global/projectb/scratch/bjcole/at.sc.db/scratch//at10/at10.gtf
sjdbGTFchrPrefix                  -
sjdbGTFfeatureExon                exon
sjdbGTFtagExonParentTranscript    transcript_id
sjdbGTFtagExonParentGene          gene_id
sjdbGTFtagExonParentGeneName      gene_name   
sjdbGTFtagExonParentGeneType      gene_type   gene_biotype   
sjdbOverhang                      100
sjdbScore                         2
sjdbInsertSave                    Basic
varVCFfile                        -
waspOutputMode                    None
quantMode                         -   
quantTranscriptomeBAMcompression    1
quantTranscriptomeBan             IndelSoftclipSingleend
twopass1readsN                    18446744073709551615
twopassMode                       None
soloType                          None
soloCBstart                       1
soloUMIstart                      17
soloCBlen                         16
soloUMIlen                        10
soloBarcodeReadLength             1
soloCBwhitelist                   -
soloStrand                        Forward
soloOutFileNames                  Solo.out/   genes.tsv   barcodes.tsv   matrix.mtx   matrixSJ.mtx   matrixGeneFull.mtx   
soloFeatures                      Gene   
soloUMIdedup                      1MM_All   
----------------------------------------

Finished loading and checking parameters
Jun 20 09:45:26 ... starting to generate Genome files
/global/projectb/scratch/bjcole/at.sc.db/scratch//at10/at10.fa : chr # 0  "1" chrStart: 0
/global/projectb/scratch/bjcole/at.sc.db/scratch//at10/at10.fa : chr # 1  "2" chrStart: 30670848
/global/projectb/scratch/bjcole/at.sc.db/scratch//at10/at10.fa : chr # 2  "3" chrStart: 50593792
/global/projectb/scratch/bjcole/at.sc.db/scratch//at10/at10.fa : chr # 3  "4" chrStart: 74186752
/global/projectb/scratch/bjcole/at.sc.db/scratch//at10/at10.fa : chr # 4  "5" chrStart: 92798976
/global/projectb/scratch/bjcole/at.sc.db/scratch//at10/at10.fa : chr # 5  "Mt" chrStart: 119799808
/global/projectb/scratch/bjcole/at.sc.db/scratch//at10/at10.fa : chr # 6  "Pt" chrStart: 120324096
WARNING: --genomeSAindexNbases 14 is too large for the genome size=120586240, which may cause seg-fault at the mapping step. Re-run genome generation with recommended --genomeSAindexNbases 12 : Jun 20 09:45:31
Estimated genome size=321586240   120586240   201000000
GstrandBit=32
Number of SA indices: 238963086
Jun 20 09:45:31 ... starting to sort Suffix Array. This may take a long time...
Number of chunks: 4;   chunks size limit: 637234896 bytes
Jun 20 09:45:32 ... sorting Suffix Array chunks and saving them to disk...
Writing 32463224 bytes into /global/projectb/scratch/bjcole/at.sc.db/scratch//at10/SA_3 ; empty space on disk = 1183574616178688 bytes ... done
Writing 608535328 bytes into /global/projectb/scratch/bjcole/at.sc.db/scratch//at10/SA_2 ; empty space on disk = 1183574537535488 bytes ... done
Writing 636940272 bytes into /global/projectb/scratch/bjcole/at.sc.db/scratch//at10/SA_0 ; empty space on disk = 1183573926215680 bytes ... done
Writing 633765864 bytes into /global/projectb/scratch/bjcole/at.sc.db/scratch//at10/SA_1 ; empty space on disk = 1183557283217408 bytes ... done
Jun 20 09:46:16 ... loading chunks from disk, packing SA...
Jun 20 09:46:20 ... finished generating suffix array
Jun 20 09:46:20 ... generating Suffix Array index
Jun 20 09:46:52 ... completed Suffix Array index
Jun 20 09:46:52 ..... processing annotations GTF
Processing pGe.sjdbGTFfile=/global/projectb/scratch/bjcole/at.sc.db/scratch//at10/at10.gtf, found:
		54013 transcripts
		313952 exons (non-collapsed)
		132526 collapsed junctions
Jun 20 09:47:01 ..... finished GTF processing
Jun 20 09:47:01   Loaded database junctions from the GTF file: /global/projectb/scratch/bjcole/at.sc.db/scratch//at10/at10.gtf: 132526 total junctions

WARNING: long repeat for junction # 52116 : 2 17206886 17207050; left shift = 17; right shift = 255
Jun 20 09:47:01   Finished preparing junctions
Jun 20 09:47:01 ..... inserting junctions into the genome indices
Jun 20 09:47:30   Finished SA search: number of new junctions=132509, old junctions=0
Jun 20 09:47:43   Finished sorting SA indicesL nInd=53003522
Genome size with junctions=147220549  120586240   26634309
GstrandBit1=32   GstrandBit=32
Jun 20 09:47:47   Finished inserting junction indices
Jun 20 09:48:04   Finished SAi
Jun 20 09:48:04 ..... finished inserting junctions into genome
Jun 20 09:48:04 ... writing Genome to disk ...
Writing 147220549 bytes into /global/projectb/scratch/bjcole/at.sc.db/scratch//at10/Genome ; empty space on disk = 1183521811988480 bytes ... done
SA size in bytes: 1204362261
Jun 20 09:48:04 ... writing Suffix Array to disk ...
Writing 1204362261 bytes into /global/projectb/scratch/bjcole/at.sc.db/scratch//at10/SA ; empty space on disk = 1183522841690112 bytes ... done
Jun 20 09:48:05 ... writing SAindex to disk
Writing 8 bytes into /global/projectb/scratch/bjcole/at.sc.db/scratch//at10/SAindex ; empty space on disk = 1183520589348864 bytes ... done
Writing 120 bytes into /global/projectb/scratch/bjcole/at.sc.db/scratch//at10/SAindex ; empty space on disk = 1183520589348864 bytes ... done
Writing 1565873491 bytes into /global/projectb/scratch/bjcole/at.sc.db/scratch//at10/SAindex ; empty space on disk = 1183520589348864 bytes ... done
Jun 20 09:48:06 ..... finished successfully
DONE: Genome generation, EXITING
