rc_013
10x_V2
java -da -Xmx4G -cp /global/projectb/scratch/byu24/bin/bbmap/current/ sort.Shuffle2 in=stdin.fq out=stdout.fq -Xmx4G -da int=t
Executing sort.Shuffle2 [in=stdin.fq, out=stdout.fq, -Xmx4G, -da, int=t]

Set INTERLEAVED to true
Input is being processed as paired
java -ea -Xmx200m -cp /global/projectb/scratch/byu24/bin/bbmap/current/ jgi.ReformatReads in=stdin.fq out1=/global/projectb/scratch/byu24/at.sc.db/scratch/rc_013/rc_013_tmp_1.fastq out2=/global/projectb/scratch/byu24/at.sc.db/scratch/rc_013/rc_013_R2.fastq int=t minlen=26
java -ea -Xmx200m -cp /global/projectb/scratch/byu24/bin/bbmap/current/ jgi.ReformatReads in1=/global/projectb/scratch/byu24/at.sc.db/scratch/rc_013/rc_013_1.fastq in2=/global/projectb/scratch/byu24/at.sc.db/scratch/rc_013/rc_013_2.fastq out=stdout.fq addslash=t
java -ea -Xmx1g -Xms1g -cp /global/projectb/scratch/byu24/bin/bbmap/current/ jgi.BBDuk in=stdin.fq out=stdout.fq ref=/global/projectb/scratch/byu24/bin/bbmap/resources/adapters.fa k=23 mink=11 hdist=1 ktrim=r qtrim=10 -Xmx1g t=16 int=t
java -ea -Xmx1g -Xms1g -cp /global/projectb/scratch/byu24/bin/bbmap/current/ jgi.BBDuk in=stdin.fq out=stdout.fq k=23 mink=11 literal=AAGCAGTGGTATCAACGCAGAGTGAATGGG hdist=1 ktrim=l -Xmx1g t=16 int=t
Executing jgi.ReformatReads [in1=/global/projectb/scratch/byu24/at.sc.db/scratch/rc_013/rc_013_1.fastq, in2=/global/projectb/scratch/byu24/at.sc.db/scratch/rc_013/rc_013_2.fastq, out=stdout.fq, addslash=t]

Executing jgi.ReformatReads [in=stdin.fq, out1=/global/projectb/scratch/byu24/at.sc.db/scratch/rc_013/rc_013_tmp_1.fastq, out2=/global/projectb/scratch/byu24/at.sc.db/scratch/rc_013/rc_013_R2.fastq, int=t, minlen=26]

Set INTERLEAVED to true
Executing jgi.BBDuk [in=stdin.fq, out=stdout.fq, ref=/global/projectb/scratch/byu24/bin/bbmap/resources/adapters.fa, k=23, mink=11, hdist=1, ktrim=r, qtrim=10, -Xmx1g, t=16, int=t]
Version 38.51

Executing jgi.BBDuk [in=stdin.fq, out=stdout.fq, k=23, mink=11, literal=AAGCAGTGGTATCAACGCAGAGTGAATGGG, hdist=1, ktrim=l, -Xmx1g, t=16, int=t]
Version 38.51

Set threads to 16
Set INTERLEAVED to true
Set threads to 16
Set INTERLEAVED to true
maskMiddle was disabled because useShortKmers=true
maskMiddle was disabled because useShortKmers=true
Set INTERLEAVED to false
Input is being processed as paired
Input is being processed as paired
Writing interleaved.
0.048 seconds.0.038 seconds.

Initial:Initial:

Memory: max=1029m, total=1029m, free=995m, used=34mMemory: max=1029m, total=1029m, free=995m, used=34m



Added 1772 kmers; time: 	0.033 seconds.
Memory: max=1029m, total=1029m, free=973m, used=56m

Input is being processed as paired
Started output streams:	0.087 seconds.
Added 217135 kmers; time: 	0.138 seconds.
Memory: max=1029m, total=1029m, free=952m, used=77m

Input is being processed as paired
Started output streams:	0.014 seconds.
Created a WriteThread for ./sort_temp_3044756155727912826.fq.gz
Tue Jul 16 19:45:24 2019: [unset]:_pmi_alps_get_apid:alps_app_lli_put_request failed
Tue Jul 16 19:45:24 2019: [unset]:_pmi_init:_pmi_alps_init returned -1
Created a WriteThread for ./sort_temp_8493204075728351997.fq.gz
Tue Jul 16 19:45:31 2019: [unset]:_pmi_alps_get_apid:alps_app_lli_put_request failed
Tue Jul 16 19:45:31 2019: [unset]:_pmi_init:_pmi_alps_init returned -1
Created a WriteThread for ./sort_temp_3296014283248178888.fq.gz
Tue Jul 16 19:45:39 2019: [unset]:_pmi_alps_get_apid:alps_app_lli_put_request failed
Tue Jul 16 19:45:39 2019: [unset]:_pmi_init:_pmi_alps_init returned -1
Created a WriteThread for ./sort_temp_9048763100765568822.fq.gz
Tue Jul 16 19:45:48 2019: [unset]:_pmi_alps_get_apid:alps_app_lli_put_request failed
Tue Jul 16 19:45:48 2019: [unset]:_pmi_init:_pmi_alps_init returned -1
Created a WriteThread for ./sort_temp_7824356513449887732.fq.gz
Tue Jul 16 19:45:56 2019: [unset]:_pmi_alps_get_apid:alps_app_lli_put_request failed
Tue Jul 16 19:45:56 2019: [unset]:_pmi_init:_pmi_alps_init returned -1
Created a WriteThread for ./sort_temp_4961816063772389530.fq.gz
Tue Jul 16 19:46:04 2019: [unset]:_pmi_alps_get_apid:alps_app_lli_put_request failed
Tue Jul 16 19:46:04 2019: [unset]:_pmi_init:_pmi_alps_init returned -1
Created a WriteThread for ./sort_temp_628231761099999097.fq.gz
Tue Jul 16 19:46:11 2019: [unset]:_pmi_alps_get_apid:alps_app_lli_put_request failed
Tue Jul 16 19:46:11 2019: [unset]:_pmi_init:_pmi_alps_init returned -1
Created a WriteThread for ./sort_temp_5990112351304663699.fq.gz
Tue Jul 16 19:46:20 2019: [unset]:_pmi_alps_get_apid:alps_app_lli_put_request failed
Tue Jul 16 19:46:20 2019: [unset]:_pmi_init:_pmi_alps_init returned -1
Created a WriteThread for ./sort_temp_3420515341287414494.fq.gz
Tue Jul 16 19:46:30 2019: [unset]:_pmi_alps_get_apid:alps_app_lli_put_request failed
Tue Jul 16 19:46:30 2019: [unset]:_pmi_init:_pmi_alps_init returned -1
Created a WriteThread for ./sort_temp_503803442199866209.fq.gz
Tue Jul 16 19:46:40 2019: [unset]:_pmi_alps_get_apid:alps_app_lli_put_request failed
Tue Jul 16 19:46:40 2019: [unset]:_pmi_init:_pmi_alps_init returned -1
Created a WriteThread for ./sort_temp_1269640071041874485.fq.gz
Tue Jul 16 19:46:50 2019: [unset]:_pmi_alps_get_apid:alps_app_lli_put_request failed
Tue Jul 16 19:46:50 2019: [unset]:_pmi_init:_pmi_alps_init returned -1
Created a WriteThread for ./sort_temp_7026865558407153300.fq.gz
Tue Jul 16 19:46:58 2019: [unset]:_pmi_alps_get_apid:alps_app_lli_put_request failed
Tue Jul 16 19:46:58 2019: [unset]:_pmi_init:_pmi_alps_init returned -1
Created a WriteThread for ./sort_temp_5774748625740600612.fq.gz
Tue Jul 16 19:47:05 2019: [unset]:_pmi_alps_get_apid:alps_app_lli_put_request failed
Tue Jul 16 19:47:05 2019: [unset]:_pmi_init:_pmi_alps_init returned -1
Created a WriteThread for ./sort_temp_2578066996518295723.fq.gz
Tue Jul 16 19:47:13 2019: [unset]:_pmi_alps_get_apid:alps_app_lli_put_request failed
Tue Jul 16 19:47:13 2019: [unset]:_pmi_init:_pmi_alps_init returned -1
Created a WriteThread for ./sort_temp_1665067201620991070.fq.gz
Tue Jul 16 19:47:22 2019: [unset]:_pmi_alps_get_apid:alps_app_lli_put_request failed
Tue Jul 16 19:47:22 2019: [unset]:_pmi_init:_pmi_alps_init returned -1
Created a WriteThread for ./sort_temp_3651587349597967817.fq.gz
Tue Jul 16 19:47:30 2019: [unset]:_pmi_alps_get_apid:alps_app_lli_put_request failed
Tue Jul 16 19:47:30 2019: [unset]:_pmi_init:_pmi_alps_init returned -1
Created a WriteThread for ./sort_temp_6072440036732454619.fq.gz
Tue Jul 16 19:47:38 2019: [unset]:_pmi_alps_get_apid:alps_app_lli_put_request failed
Tue Jul 16 19:47:38 2019: [unset]:_pmi_init:_pmi_alps_init returned -1
Created a WriteThread for ./sort_temp_4201295624971853277.fq.gz
Tue Jul 16 19:47:46 2019: [unset]:_pmi_alps_get_apid:alps_app_lli_put_request failed
Tue Jul 16 19:47:46 2019: [unset]:_pmi_init:_pmi_alps_init returned -1
Created a WriteThread for ./sort_temp_2640098684526339341.fq.gz
Tue Jul 16 19:47:54 2019: [unset]:_pmi_alps_get_apid:alps_app_lli_put_request failed
Tue Jul 16 19:47:54 2019: [unset]:_pmi_init:_pmi_alps_init returned -1
Created a WriteThread for ./sort_temp_812365461091265882.fq.gz
Tue Jul 16 19:48:03 2019: [unset]:_pmi_alps_get_apid:alps_app_lli_put_request failed
Tue Jul 16 19:48:03 2019: [unset]:_pmi_init:_pmi_alps_init returned -1
Created a WriteThread for ./sort_temp_4289103569130600122.fq.gz
Tue Jul 16 19:48:11 2019: [unset]:_pmi_alps_get_apid:alps_app_lli_put_request failed
Tue Jul 16 19:48:11 2019: [unset]:_pmi_init:_pmi_alps_init returned -1
Created a WriteThread for ./sort_temp_1980359261573902451.fq.gz
Tue Jul 16 19:48:22 2019: [unset]:_pmi_alps_get_apid:alps_app_lli_put_request failed
Tue Jul 16 19:48:22 2019: [unset]:_pmi_init:_pmi_alps_init returned -1
Created a WriteThread for ./sort_temp_8376451946376795007.fq.gz
Tue Jul 16 19:48:32 2019: [unset]:_pmi_alps_get_apid:alps_app_lli_put_request failed
Tue Jul 16 19:48:32 2019: [unset]:_pmi_init:_pmi_alps_init returned -1
Created a WriteThread for ./sort_temp_6350391133876397286.fq.gz
Tue Jul 16 19:48:42 2019: [unset]:_pmi_alps_get_apid:alps_app_lli_put_request failed
Tue Jul 16 19:48:42 2019: [unset]:_pmi_init:_pmi_alps_init returned -1
Created a WriteThread for ./sort_temp_3575029929818845718.fq.gz
Tue Jul 16 19:48:50 2019: [unset]:_pmi_alps_get_apid:alps_app_lli_put_request failed
Tue Jul 16 19:48:50 2019: [unset]:_pmi_init:_pmi_alps_init returned -1
Created a WriteThread for ./sort_temp_1346900587692121621.fq.gz
Tue Jul 16 19:48:56 2019: [unset]:_pmi_alps_get_apid:alps_app_lli_put_request failed
Tue Jul 16 19:48:56 2019: [unset]:_pmi_init:_pmi_alps_init returned -1
Created a WriteThread for ./sort_temp_6210879252181951238.fq.gz
Tue Jul 16 19:49:06 2019: [unset]:_pmi_alps_get_apid:alps_app_lli_put_request failed
Tue Jul 16 19:49:06 2019: [unset]:_pmi_init:_pmi_alps_init returned -1
Created a WriteThread for ./sort_temp_2039206376976786076.fq.gz
Tue Jul 16 19:49:14 2019: [unset]:_pmi_alps_get_apid:alps_app_lli_put_request failed
Tue Jul 16 19:49:14 2019: [unset]:_pmi_init:_pmi_alps_init returned -1
Created a WriteThread for ./sort_temp_7362494286025496607.fq.gz
Tue Jul 16 19:49:21 2019: [unset]:_pmi_alps_get_apid:alps_app_lli_put_request failed
Tue Jul 16 19:49:21 2019: [unset]:_pmi_init:_pmi_alps_init returned -1
Created a WriteThread for ./sort_temp_4349829838135384057.fq.gz
Tue Jul 16 19:49:30 2019: [unset]:_pmi_alps_get_apid:alps_app_lli_put_request failed
Tue Jul 16 19:49:30 2019: [unset]:_pmi_init:_pmi_alps_init returned -1
Created a WriteThread for ./sort_temp_4468990265759241143.fq.gz
Tue Jul 16 19:49:38 2019: [unset]:_pmi_alps_get_apid:alps_app_lli_put_request failed
Tue Jul 16 19:49:38 2019: [unset]:_pmi_init:_pmi_alps_init returned -1
Created a WriteThread for ./sort_temp_5872990992730086362.fq.gz
Tue Jul 16 19:49:45 2019: [unset]:_pmi_alps_get_apid:alps_app_lli_put_request failed
Tue Jul 16 19:49:45 2019: [unset]:_pmi_init:_pmi_alps_init returned -1
Created a WriteThread for ./sort_temp_2574315308996207354.fq.gz
Tue Jul 16 19:49:53 2019: [unset]:_pmi_alps_get_apid:alps_app_lli_put_request failed
Tue Jul 16 19:49:53 2019: [unset]:_pmi_init:_pmi_alps_init returned -1
Created a WriteThread for ./sort_temp_4851126335352796360.fq.gz
Tue Jul 16 19:50:02 2019: [unset]:_pmi_alps_get_apid:alps_app_lli_put_request failed
Tue Jul 16 19:50:02 2019: [unset]:_pmi_init:_pmi_alps_init returned -1
Created a WriteThread for ./sort_temp_4974740924493072623.fq.gz
Tue Jul 16 19:50:12 2019: [unset]:_pmi_alps_get_apid:alps_app_lli_put_request failed
Tue Jul 16 19:50:12 2019: [unset]:_pmi_init:_pmi_alps_init returned -1
Created a WriteThread for ./sort_temp_8749077520237918690.fq.gz
Tue Jul 16 19:50:21 2019: [unset]:_pmi_alps_get_apid:alps_app_lli_put_request failed
Tue Jul 16 19:50:21 2019: [unset]:_pmi_init:_pmi_alps_init returned -1
Created a WriteThread for ./sort_temp_6203342269945157400.fq.gz
Tue Jul 16 19:50:29 2019: [unset]:_pmi_alps_get_apid:alps_app_lli_put_request failed
Tue Jul 16 19:50:29 2019: [unset]:_pmi_init:_pmi_alps_init returned -1
Created a WriteThread for ./sort_temp_2662098381996356150.fq.gz
Tue Jul 16 19:50:37 2019: [unset]:_pmi_alps_get_apid:alps_app_lli_put_request failed
Tue Jul 16 19:50:37 2019: [unset]:_pmi_init:_pmi_alps_init returned -1
Created a WriteThread for ./sort_temp_9210091141597792999.fq.gz
Tue Jul 16 19:50:45 2019: [unset]:_pmi_alps_get_apid:alps_app_lli_put_request failed
Tue Jul 16 19:50:45 2019: [unset]:_pmi_init:_pmi_alps_init returned -1
Created a WriteThread for ./sort_temp_8891014373062418831.fq.gz
Tue Jul 16 19:50:54 2019: [unset]:_pmi_alps_get_apid:alps_app_lli_put_request failed
Tue Jul 16 19:50:54 2019: [unset]:_pmi_init:_pmi_alps_init returned -1
Created a WriteThread for ./sort_temp_2688792155226012493.fq.gz
Tue Jul 16 19:51:02 2019: [unset]:_pmi_alps_get_apid:alps_app_lli_put_request failed
Tue Jul 16 19:51:02 2019: [unset]:_pmi_init:_pmi_alps_init returned -1
Created a WriteThread for ./sort_temp_3888790719005534786.fq.gz
Tue Jul 16 19:51:11 2019: [unset]:_pmi_alps_get_apid:alps_app_lli_put_request failed
Tue Jul 16 19:51:11 2019: [unset]:_pmi_init:_pmi_alps_init returned -1
Created a WriteThread for ./sort_temp_4837858625300658454.fq.gz
Tue Jul 16 19:51:19 2019: [unset]:_pmi_alps_get_apid:alps_app_lli_put_request failed
Tue Jul 16 19:51:19 2019: [unset]:_pmi_init:_pmi_alps_init returned -1
Created a WriteThread for ./sort_temp_8942391986683079430.fq.gz
Tue Jul 16 19:51:28 2019: [unset]:_pmi_alps_get_apid:alps_app_lli_put_request failed
Tue Jul 16 19:51:28 2019: [unset]:_pmi_init:_pmi_alps_init returned -1
Created a WriteThread for ./sort_temp_1429331027623006904.fq.gz
Tue Jul 16 19:51:35 2019: [unset]:_pmi_alps_get_apid:alps_app_lli_put_request failed
Tue Jul 16 19:51:35 2019: [unset]:_pmi_init:_pmi_alps_init returned -1
Created a WriteThread for ./sort_temp_9039525775546412831.fq.gz
Tue Jul 16 19:51:43 2019: [unset]:_pmi_alps_get_apid:alps_app_lli_put_request failed
Tue Jul 16 19:51:43 2019: [unset]:_pmi_init:_pmi_alps_init returned -1
Created a WriteThread for ./sort_temp_3825718292241740245.fq.gz
Tue Jul 16 19:51:53 2019: [unset]:_pmi_alps_get_apid:alps_app_lli_put_request failed
Tue Jul 16 19:51:53 2019: [unset]:_pmi_init:_pmi_alps_init returned -1
Created a WriteThread for ./sort_temp_4312396051575713381.fq.gz
Tue Jul 16 19:52:02 2019: [unset]:_pmi_alps_get_apid:alps_app_lli_put_request failed
Tue Jul 16 19:52:02 2019: [unset]:_pmi_init:_pmi_alps_init returned -1
Created a WriteThread for ./sort_temp_2027972339399106972.fq.gz
Tue Jul 16 19:52:12 2019: [unset]:_pmi_alps_get_apid:alps_app_lli_put_request failed
Tue Jul 16 19:52:12 2019: [unset]:_pmi_init:_pmi_alps_init returned -1
Created a WriteThread for ./sort_temp_9015128070852977794.fq.gz
Tue Jul 16 19:52:19 2019: [unset]:_pmi_alps_get_apid:alps_app_lli_put_request failed
Tue Jul 16 19:52:19 2019: [unset]:_pmi_init:_pmi_alps_init returned -1
Created a WriteThread for ./sort_temp_2655757139001374541.fq.gz
Tue Jul 16 19:52:26 2019: [unset]:_pmi_alps_get_apid:alps_app_lli_put_request failed
Tue Jul 16 19:52:26 2019: [unset]:_pmi_init:_pmi_alps_init returned -1
Created a WriteThread for ./sort_temp_3251652513531314348.fq.gz
Tue Jul 16 19:52:36 2019: [unset]:_pmi_alps_get_apid:alps_app_lli_put_request failed
Tue Jul 16 19:52:36 2019: [unset]:_pmi_init:_pmi_alps_init returned -1
Created a WriteThread for ./sort_temp_4321622563178780520.fq.gz
Tue Jul 16 19:52:44 2019: [unset]:_pmi_alps_get_apid:alps_app_lli_put_request failed
Tue Jul 16 19:52:44 2019: [unset]:_pmi_init:_pmi_alps_init returned -1
Created a WriteThread for ./sort_temp_6162351689966653561.fq.gz
Tue Jul 16 19:52:51 2019: [unset]:_pmi_alps_get_apid:alps_app_lli_put_request failed
Tue Jul 16 19:52:51 2019: [unset]:_pmi_init:_pmi_alps_init returned -1
Created a WriteThread for ./sort_temp_1072364773472405390.fq.gz
Tue Jul 16 19:53:00 2019: [unset]:_pmi_alps_get_apid:alps_app_lli_put_request failed
Tue Jul 16 19:53:00 2019: [unset]:_pmi_init:_pmi_alps_init returned -1
Created a WriteThread for ./sort_temp_2775741112703535961.fq.gz
Tue Jul 16 19:53:08 2019: [unset]:_pmi_alps_get_apid:alps_app_lli_put_request failed
Tue Jul 16 19:53:08 2019: [unset]:_pmi_init:_pmi_alps_init returned -1
Created a WriteThread for ./sort_temp_5259357351121902816.fq.gz
Tue Jul 16 19:53:16 2019: [unset]:_pmi_alps_get_apid:alps_app_lli_put_request failed
Tue Jul 16 19:53:16 2019: [unset]:_pmi_init:_pmi_alps_init returned -1
Created a WriteThread for ./sort_temp_2848975713194540640.fq.gz
Tue Jul 16 19:53:25 2019: [unset]:_pmi_alps_get_apid:alps_app_lli_put_request failed
Tue Jul 16 19:53:25 2019: [unset]:_pmi_init:_pmi_alps_init returned -1
Created a WriteThread for ./sort_temp_7249527874816252691.fq.gz
Tue Jul 16 19:53:33 2019: [unset]:_pmi_alps_get_apid:alps_app_lli_put_request failed
Tue Jul 16 19:53:33 2019: [unset]:_pmi_init:_pmi_alps_init returned -1
Created a WriteThread for ./sort_temp_6289097053162815197.fq.gz
Tue Jul 16 19:53:42 2019: [unset]:_pmi_alps_get_apid:alps_app_lli_put_request failed
Tue Jul 16 19:53:42 2019: [unset]:_pmi_init:_pmi_alps_init returned -1
Created a WriteThread for ./sort_temp_4505966573647258784.fq.gz
Tue Jul 16 19:53:53 2019: [unset]:_pmi_alps_get_apid:alps_app_lli_put_request failed
Tue Jul 16 19:53:53 2019: [unset]:_pmi_init:_pmi_alps_init returned -1
Created a WriteThread for ./sort_temp_761591203539389957.fq.gz
Tue Jul 16 19:54:01 2019: [unset]:_pmi_alps_get_apid:alps_app_lli_put_request failed
Tue Jul 16 19:54:01 2019: [unset]:_pmi_init:_pmi_alps_init returned -1
Created a WriteThread for ./sort_temp_1400236609655159328.fq.gz
Tue Jul 16 19:54:08 2019: [unset]:_pmi_alps_get_apid:alps_app_lli_put_request failed
Tue Jul 16 19:54:08 2019: [unset]:_pmi_init:_pmi_alps_init returned -1
Created a WriteThread for ./sort_temp_6384753951951329836.fq.gz
Tue Jul 16 19:54:14 2019: [unset]:_pmi_alps_get_apid:alps_app_lli_put_request failed
Tue Jul 16 19:54:14 2019: [unset]:_pmi_init:_pmi_alps_init returned -1
Created a WriteThread for ./sort_temp_780987828620290806.fq.gz
Tue Jul 16 19:54:23 2019: [unset]:_pmi_alps_get_apid:alps_app_lli_put_request failed
Tue Jul 16 19:54:23 2019: [unset]:_pmi_init:_pmi_alps_init returned -1
Created a WriteThread for ./sort_temp_2457835136975091302.fq.gz
Tue Jul 16 19:54:30 2019: [unset]:_pmi_alps_get_apid:alps_app_lli_put_request failed
Tue Jul 16 19:54:30 2019: [unset]:_pmi_init:_pmi_alps_init returned -1
Created a WriteThread for ./sort_temp_7659046998312692342.fq.gz
Tue Jul 16 19:54:37 2019: [unset]:_pmi_alps_get_apid:alps_app_lli_put_request failed
Tue Jul 16 19:54:37 2019: [unset]:_pmi_init:_pmi_alps_init returned -1
Created a WriteThread for ./sort_temp_3884637536673870125.fq.gz
Tue Jul 16 19:54:45 2019: [unset]:_pmi_alps_get_apid:alps_app_lli_put_request failed
Tue Jul 16 19:54:45 2019: [unset]:_pmi_init:_pmi_alps_init returned -1
Created a WriteThread for ./sort_temp_9021898328375428310.fq.gz
Tue Jul 16 19:54:53 2019: [unset]:_pmi_alps_get_apid:alps_app_lli_put_request failed
Tue Jul 16 19:54:53 2019: [unset]:_pmi_init:_pmi_alps_init returned -1
Created a WriteThread for ./sort_temp_2344263907762070861.fq.gz
Tue Jul 16 19:55:00 2019: [unset]:_pmi_alps_get_apid:alps_app_lli_put_request failed
Tue Jul 16 19:55:00 2019: [unset]:_pmi_init:_pmi_alps_init returned -1
Created a WriteThread for ./sort_temp_2662181938002949836.fq.gz
Tue Jul 16 19:55:09 2019: [unset]:_pmi_alps_get_apid:alps_app_lli_put_request failed
Tue Jul 16 19:55:09 2019: [unset]:_pmi_init:_pmi_alps_init returned -1
Created a WriteThread for ./sort_temp_1551164571324093492.fq.gz
Tue Jul 16 19:55:17 2019: [unset]:_pmi_alps_get_apid:alps_app_lli_put_request failed
Tue Jul 16 19:55:17 2019: [unset]:_pmi_init:_pmi_alps_init returned -1
Created a WriteThread for ./sort_temp_4335510791001173533.fq.gz
Tue Jul 16 19:55:26 2019: [unset]:_pmi_alps_get_apid:alps_app_lli_put_request failed
Tue Jul 16 19:55:26 2019: [unset]:_pmi_init:_pmi_alps_init returned -1
Created a WriteThread for ./sort_temp_2572500894956745088.fq.gz
Tue Jul 16 19:55:35 2019: [unset]:_pmi_alps_get_apid:alps_app_lli_put_request failed
Tue Jul 16 19:55:35 2019: [unset]:_pmi_init:_pmi_alps_init returned -1
Created a WriteThread for ./sort_temp_1526762031164740302.fq.gz
Tue Jul 16 19:55:45 2019: [unset]:_pmi_alps_get_apid:alps_app_lli_put_request failed
Tue Jul 16 19:55:45 2019: [unset]:_pmi_init:_pmi_alps_init returned -1
Created a WriteThread for ./sort_temp_2225136065439836250.fq.gz
Tue Jul 16 19:55:52 2019: [unset]:_pmi_alps_get_apid:alps_app_lli_put_request failed
Tue Jul 16 19:55:52 2019: [unset]:_pmi_init:_pmi_alps_init returned -1
Created a WriteThread for ./sort_temp_4340816633979789473.fq.gz
Tue Jul 16 19:55:59 2019: [unset]:_pmi_alps_get_apid:alps_app_lli_put_request failed
Tue Jul 16 19:55:59 2019: [unset]:_pmi_init:_pmi_alps_init returned -1
Created a WriteThread for ./sort_temp_6609518612191391572.fq.gz
Tue Jul 16 19:56:06 2019: [unset]:_pmi_alps_get_apid:alps_app_lli_put_request failed
Tue Jul 16 19:56:06 2019: [unset]:_pmi_init:_pmi_alps_init returned -1
Created a WriteThread for ./sort_temp_8513120106246935436.fq.gz
Tue Jul 16 19:56:12 2019: [unset]:_pmi_alps_get_apid:alps_app_lli_put_request failed
Tue Jul 16 19:56:12 2019: [unset]:_pmi_init:_pmi_alps_init returned -1
Created a WriteThread for ./sort_temp_2458690587571840582.fq.gz
Tue Jul 16 19:56:18 2019: [unset]:_pmi_alps_get_apid:alps_app_lli_put_request failed
Tue Jul 16 19:56:18 2019: [unset]:_pmi_init:_pmi_alps_init returned -1
Created a WriteThread for ./sort_temp_6525124252383908350.fq.gz
Tue Jul 16 19:56:23 2019: [unset]:_pmi_alps_get_apid:alps_app_lli_put_request failed
Tue Jul 16 19:56:23 2019: [unset]:_pmi_init:_pmi_alps_init returned -1
Created a WriteThread for ./sort_temp_659330946884557801.fq.gz
Tue Jul 16 19:56:29 2019: [unset]:_pmi_alps_get_apid:alps_app_lli_put_request failed
Tue Jul 16 19:56:29 2019: [unset]:_pmi_init:_pmi_alps_init returned -1
Created a WriteThread for ./sort_temp_5610213628522435107.fq.gz
Tue Jul 16 19:56:35 2019: [unset]:_pmi_alps_get_apid:alps_app_lli_put_request failed
Tue Jul 16 19:56:35 2019: [unset]:_pmi_init:_pmi_alps_init returned -1
Created a WriteThread for ./sort_temp_1748128388585849264.fq.gz
Tue Jul 16 19:56:41 2019: [unset]:_pmi_alps_get_apid:alps_app_lli_put_request failed
Tue Jul 16 19:56:41 2019: [unset]:_pmi_init:_pmi_alps_init returned -1
Created a WriteThread for ./sort_temp_7097120931236917490.fq.gz
Tue Jul 16 19:56:47 2019: [unset]:_pmi_alps_get_apid:alps_app_lli_put_request failed
Tue Jul 16 19:56:47 2019: [unset]:_pmi_init:_pmi_alps_init returned -1
Created a WriteThread for ./sort_temp_3087525885943033590.fq.gz
Tue Jul 16 19:56:52 2019: [unset]:_pmi_alps_get_apid:alps_app_lli_put_request failed
Tue Jul 16 19:56:52 2019: [unset]:_pmi_init:_pmi_alps_init returned -1
Created a WriteThread for ./sort_temp_4732896762815158139.fq.gz
Tue Jul 16 19:56:59 2019: [unset]:_pmi_alps_get_apid:alps_app_lli_put_request failed
Tue Jul 16 19:56:59 2019: [unset]:_pmi_init:_pmi_alps_init returned -1
Created a WriteThread for ./sort_temp_2529526477673521309.fq.gz
Tue Jul 16 19:57:05 2019: [unset]:_pmi_alps_get_apid:alps_app_lli_put_request failed
Tue Jul 16 19:57:05 2019: [unset]:_pmi_init:_pmi_alps_init returned -1
Created a WriteThread for ./sort_temp_7296486061764162357.fq.gz
Tue Jul 16 19:57:12 2019: [unset]:_pmi_alps_get_apid:alps_app_lli_put_request failed
Tue Jul 16 19:57:12 2019: [unset]:_pmi_init:_pmi_alps_init returned -1
Created a WriteThread for ./sort_temp_5170701012640801875.fq.gz
Tue Jul 16 19:57:18 2019: [unset]:_pmi_alps_get_apid:alps_app_lli_put_request failed
Tue Jul 16 19:57:18 2019: [unset]:_pmi_init:_pmi_alps_init returned -1
Created a WriteThread for ./sort_temp_2882639940041140624.fq.gz
Tue Jul 16 19:57:26 2019: [unset]:_pmi_alps_get_apid:alps_app_lli_put_request failed
Tue Jul 16 19:57:26 2019: [unset]:_pmi_init:_pmi_alps_init returned -1
Created a WriteThread for ./sort_temp_9110235088455460555.fq.gz
Tue Jul 16 19:57:34 2019: [unset]:_pmi_alps_get_apid:alps_app_lli_put_request failed
Tue Jul 16 19:57:34 2019: [unset]:_pmi_init:_pmi_alps_init returned -1
Created a WriteThread for ./sort_temp_7504261082041358336.fq.gz
Tue Jul 16 19:57:42 2019: [unset]:_pmi_alps_get_apid:alps_app_lli_put_request failed
Tue Jul 16 19:57:42 2019: [unset]:_pmi_init:_pmi_alps_init returned -1
Created a WriteThread for ./sort_temp_5869200263857044329.fq.gz
Tue Jul 16 19:57:49 2019: [unset]:_pmi_alps_get_apid:alps_app_lli_put_request failed
Tue Jul 16 19:57:49 2019: [unset]:_pmi_init:_pmi_alps_init returned -1
Created a WriteThread for ./sort_temp_1051027047193329512.fq.gz
Tue Jul 16 19:57:57 2019: [unset]:_pmi_alps_get_apid:alps_app_lli_put_request failed
Tue Jul 16 19:57:57 2019: [unset]:_pmi_init:_pmi_alps_init returned -1
Created a WriteThread for ./sort_temp_4849514554180325209.fq.gz
Tue Jul 16 19:58:05 2019: [unset]:_pmi_alps_get_apid:alps_app_lli_put_request failed
Tue Jul 16 19:58:05 2019: [unset]:_pmi_init:_pmi_alps_init returned -1
Created a WriteThread for ./sort_temp_7454855769767178350.fq.gz
Tue Jul 16 19:58:13 2019: [unset]:_pmi_alps_get_apid:alps_app_lli_put_request failed
Tue Jul 16 19:58:13 2019: [unset]:_pmi_init:_pmi_alps_init returned -1
Created a WriteThread for ./sort_temp_1754127171155681327.fq.gz
Tue Jul 16 19:58:20 2019: [unset]:_pmi_alps_get_apid:alps_app_lli_put_request failed
Tue Jul 16 19:58:20 2019: [unset]:_pmi_init:_pmi_alps_init returned -1
Created a WriteThread for ./sort_temp_7396271355969263749.fq.gz
Tue Jul 16 19:58:28 2019: [unset]:_pmi_alps_get_apid:alps_app_lli_put_request failed
Tue Jul 16 19:58:28 2019: [unset]:_pmi_init:_pmi_alps_init returned -1
Created a WriteThread for ./sort_temp_266896109097279586.fq.gz
Tue Jul 16 19:58:36 2019: [unset]:_pmi_alps_get_apid:alps_app_lli_put_request failed
Tue Jul 16 19:58:36 2019: [unset]:_pmi_init:_pmi_alps_init returned -1
Input:                  	210983366 reads          	14874327303 bases
Output:                 	210983366 reads (100.00%) 	14874327303 bases (100.00%)

Time:                         	804.807 seconds.
Reads Processed:        210m 	262.15k reads/sec
Bases Processed:      14874m 	18.48m bases/sec
Finished reading input.
Created a WriteThread for ./sort_temp_3652519491115263639.fq.gz
Tue Jul 16 19:58:43 2019: [unset]:_pmi_alps_get_apid:alps_app_lli_put_request failed
Tue Jul 16 19:58:43 2019: [unset]:_pmi_init:_pmi_alps_init returned -1
Merging 101 files.
Reduced buffer sizes prior to merging due to low memory.
Performing recursive merge to reduce open files.
Reduced buffer sizes prior to merging.
Merging [./sort_temp_3044756155727912826.fq.gz, ./sort_temp_5990112351304663699.fq.gz, ./sort_temp_1665067201620991070.fq.gz, ./sort_temp_1980359261573902451.fq.gz, ./sort_temp_7362494286025496607.fq.gz, ./sort_temp_8749077520237918690.fq.gz, ./sort_temp_4837858625300658454.fq.gz, ./sort_temp_9015128070852977794.fq.gz, ./sort_temp_5259357351121902816.fq.gz, ./sort_temp_6384753951951329836.fq.gz, ./sort_temp_2662181938002949836.fq.gz, ./sort_temp_6609518612191391572.fq.gz, ./sort_temp_7097120931236917490.fq.gz, ./sort_temp_9110235088455460555.fq.gz, ./sort_temp_7396271355969263749.fq.gz]
Tue Jul 16 19:58:45 2019: [unset]:_pmi_alps_get_apid:alps_app_lli_put_request failed
Tue Jul 16 19:58:45 2019: [unset]:_pmi_init:_pmi_alps_init returned -1
Reduced buffer sizes prior to merging.
Merging [./sort_temp_8493204075728351997.fq.gz, ./sort_temp_3420515341287414494.fq.gz, ./sort_temp_3651587349597967817.fq.gz, ./sort_temp_8376451946376795007.fq.gz, ./sort_temp_4349829838135384057.fq.gz, ./sort_temp_6203342269945157400.fq.gz, ./sort_temp_8942391986683079430.fq.gz, ./sort_temp_2655757139001374541.fq.gz, ./sort_temp_2848975713194540640.fq.gz, ./sort_temp_780987828620290806.fq.gz, ./sort_temp_1551164571324093492.fq.gz, ./sort_temp_8513120106246935436.fq.gz, ./sort_temp_3087525885943033590.fq.gz, ./sort_temp_7504261082041358336.fq.gz, ./sort_temp_266896109097279586.fq.gz]
Tue Jul 16 19:59:36 2019: [unset]:_pmi_alps_get_apid:alps_app_lli_put_request failed
Tue Jul 16 19:59:36 2019: [unset]:_pmi_init:_pmi_alps_init returned -1
Reduced buffer sizes prior to merging.
Merging [./sort_temp_3296014283248178888.fq.gz, ./sort_temp_503803442199866209.fq.gz, ./sort_temp_6072440036732454619.fq.gz, ./sort_temp_6350391133876397286.fq.gz, ./sort_temp_4468990265759241143.fq.gz, ./sort_temp_2662098381996356150.fq.gz, ./sort_temp_1429331027623006904.fq.gz, ./sort_temp_3251652513531314348.fq.gz, ./sort_temp_7249527874816252691.fq.gz, ./sort_temp_2457835136975091302.fq.gz, ./sort_temp_4335510791001173533.fq.gz, ./sort_temp_2458690587571840582.fq.gz, ./sort_temp_4732896762815158139.fq.gz, ./sort_temp_5869200263857044329.fq.gz, ./sort_temp_3652519491115263639.fq.gz]
Tue Jul 16 20:00:27 2019: [unset]:_pmi_alps_get_apid:alps_app_lli_put_request failed
Tue Jul 16 20:00:27 2019: [unset]:_pmi_init:_pmi_alps_init returned -1
Reduced buffer sizes prior to merging.
Merging [./sort_temp_9048763100765568822.fq.gz, ./sort_temp_1269640071041874485.fq.gz, ./sort_temp_4201295624971853277.fq.gz, ./sort_temp_3575029929818845718.fq.gz, ./sort_temp_5872990992730086362.fq.gz, ./sort_temp_9210091141597792999.fq.gz, ./sort_temp_9039525775546412831.fq.gz, ./sort_temp_4321622563178780520.fq.gz, ./sort_temp_6289097053162815197.fq.gz, ./sort_temp_7659046998312692342.fq.gz, ./sort_temp_2572500894956745088.fq.gz, ./sort_temp_6525124252383908350.fq.gz, ./sort_temp_2529526477673521309.fq.gz, ./sort_temp_1051027047193329512.fq.gz]
Tue Jul 16 20:01:17 2019: [unset]:_pmi_alps_get_apid:alps_app_lli_put_request failed
Tue Jul 16 20:01:17 2019: [unset]:_pmi_init:_pmi_alps_init returned -1
Reduced buffer sizes prior to merging.
Merging [./sort_temp_7824356513449887732.fq.gz, ./sort_temp_7026865558407153300.fq.gz, ./sort_temp_2640098684526339341.fq.gz, ./sort_temp_1346900587692121621.fq.gz, ./sort_temp_2574315308996207354.fq.gz, ./sort_temp_8891014373062418831.fq.gz, ./sort_temp_3825718292241740245.fq.gz, ./sort_temp_6162351689966653561.fq.gz, ./sort_temp_4505966573647258784.fq.gz, ./sort_temp_3884637536673870125.fq.gz, ./sort_temp_1526762031164740302.fq.gz, ./sort_temp_659330946884557801.fq.gz, ./sort_temp_7296486061764162357.fq.gz, ./sort_temp_4849514554180325209.fq.gz]
Tue Jul 16 20:02:06 2019: [unset]:_pmi_alps_get_apid:alps_app_lli_put_request failed
Tue Jul 16 20:02:06 2019: [unset]:_pmi_init:_pmi_alps_init returned -1
Reduced buffer sizes prior to merging.
Merging [./sort_temp_4961816063772389530.fq.gz, ./sort_temp_5774748625740600612.fq.gz, ./sort_temp_812365461091265882.fq.gz, ./sort_temp_6210879252181951238.fq.gz, ./sort_temp_4851126335352796360.fq.gz, ./sort_temp_2688792155226012493.fq.gz, ./sort_temp_4312396051575713381.fq.gz, ./sort_temp_1072364773472405390.fq.gz, ./sort_temp_761591203539389957.fq.gz, ./sort_temp_9021898328375428310.fq.gz, ./sort_temp_2225136065439836250.fq.gz, ./sort_temp_5610213628522435107.fq.gz, ./sort_temp_5170701012640801875.fq.gz, ./sort_temp_7454855769767178350.fq.gz]
Tue Jul 16 20:02:54 2019: [unset]:_pmi_alps_get_apid:alps_app_lli_put_request failed
Tue Jul 16 20:02:54 2019: [unset]:_pmi_init:_pmi_alps_init returned -1
Reduced buffer sizes prior to merging.
Merging [./sort_temp_628231761099999097.fq.gz, ./sort_temp_2578066996518295723.fq.gz, ./sort_temp_4289103569130600122.fq.gz, ./sort_temp_2039206376976786076.fq.gz, ./sort_temp_4974740924493072623.fq.gz, ./sort_temp_3888790719005534786.fq.gz, ./sort_temp_2027972339399106972.fq.gz, ./sort_temp_2775741112703535961.fq.gz, ./sort_temp_1400236609655159328.fq.gz, ./sort_temp_2344263907762070861.fq.gz, ./sort_temp_4340816633979789473.fq.gz, ./sort_temp_1748128388585849264.fq.gz, ./sort_temp_2882639940041140624.fq.gz, ./sort_temp_1754127171155681327.fq.gz]
Tue Jul 16 20:03:41 2019: [unset]:_pmi_alps_get_apid:alps_app_lli_put_request failed
Tue Jul 16 20:03:41 2019: [unset]:_pmi_init:_pmi_alps_init returned -1
Merging [./sort_temp_5694219670879176717.fq.gz, ./sort_temp_6234981684352964108.fq.gz, ./sort_temp_2806165158761322261.fq.gz, ./sort_temp_9064266467102691940.fq.gz, ./sort_temp_555810746003394974.fq.gz, ./sort_temp_3054190852261714156.fq.gz, ./sort_temp_4756214436733026268.fq.gz]
Time:                         	1670.084 seconds.
Reads Processed:        210m 	126.33k reads/sec
Bases Processed:      14874m 	8.91m bases/sec
Processing time:   		1669.802 seconds.

Input:                  	210983366 reads 		14874327303 bases.
QTrimmed:               	181852 reads (0.09%) 	2109130 bases (0.01%)
KTrimmed:               	369458 reads (0.18%) 	19672016 bases (0.13%)
Total Removed:          	257782 reads (0.12%) 	21781146 bases (0.15%)
Result:                 	210725584 reads (99.88%) 	14852546157 bases (99.85%)

Time:                         	1669.960 seconds.
Reads Processed:        210m 	126.34k reads/sec
Bases Processed:      14874m 	8.91m bases/sec
Processing time:   		1669.889 seconds.

Input:                  	210725584 reads 		14852546157 bases.
KTrimmed:               	1874289 reads (0.89%) 	45221033 bases (0.30%)
Total Removed:          	17576 reads (0.01%) 	45221033 bases (0.30%)
Result:                 	210708008 reads (99.99%) 	14807325124 bases (99.70%)

Time:                         	1670.015 seconds.
Reads Processed:        210m 	126.18k reads/sec
Bases Processed:      14852m 	8.89m bases/sec
Input:                  	210708008 reads          	14807325124 bases
Short Read Discards:    	52663 reads (0.02%) 	818441 bases (0.01%)
Output:                 	210602826 reads (99.95%) 	14800950303 bases (99.96%)

Time:                         	1670.305 seconds.
Reads Processed:        210m 	126.15k reads/sec
Bases Processed:      14807m 	8.87m bases/sec
java -ea -Xmx4g -Xms4g -cp /global/projectb/scratch/byu24/bin/bbmap/current/ jgi.BBDuk in=/global/projectb/scratch/byu24/at.sc.db/scratch/rc_013/rc_013_tmp_1.fastq out=/global/projectb/scratch/byu24/at.sc.db/scratch/rc_013/rc_013_R1.fastq ftr=25 -Xmx4g t=1
Executing jgi.BBDuk [in=/global/projectb/scratch/byu24/at.sc.db/scratch/rc_013/rc_013_tmp_1.fastq, out=/global/projectb/scratch/byu24/at.sc.db/scratch/rc_013/rc_013_R1.fastq, ftr=25, -Xmx4g, t=1]
Version 38.51

Set threads to 1
0.039 seconds.
Initial:
Memory: max=4116m, total=4116m, free=3987m, used=129m

Input is being processed as unpaired
Started output streams:	0.084 seconds.
Processing time:   		181.235 seconds.

Input:                  	105301413 reads 		2737836738 bases.
FTrimmed:               	0 reads (0.00%) 	0 bases (0.00%)
Total Removed:          	0 reads (0.00%) 	0 bases (0.00%)
Result:                 	105301413 reads (100.00%) 	2737836738 bases (100.00%)

Time:                         	181.322 seconds.
Reads Processed:        105m 	580.74k reads/sec
Bases Processed:       2737m 	15.10m bases/sec
