WARNING: A conda environment already exists at '/global/projectb/scratch/byu24/bin/env_STAR'
Remove existing environment (y/[n])? 

Exiting.

sc_004
DropSeq
java -ea -Xmx26589m -Xms26589m -cp /global/projectb/scratch/byu24/bin/bbmap/current/ jgi.BBDuk in1=/global/projectb/scratch/byu24/at.sc.db/scratch/sc_004_1.fastq in2=/global/projectb/scratch/byu24/at.sc.db/scratch/sc_004_2.fastq out1=/global/projectb/scratch/byu24/at.sc.db/scratch/sc_004_rRNA_filtered_1.fastq out2=/global/projectb/scratch/byu24/at.sc.db/scratch/sc_004_rRNA_filtered_2.fastq k=21 edist=2 ref=/global/projectb/scratch/byu24/at.sc.db/scratch/at10/rrna_seqs.fa
Executing jgi.BBDuk [in1=/global/projectb/scratch/byu24/at.sc.db/scratch/sc_004_1.fastq, in2=/global/projectb/scratch/byu24/at.sc.db/scratch/sc_004_2.fastq, out1=/global/projectb/scratch/byu24/at.sc.db/scratch/sc_004_rRNA_filtered_1.fastq, out2=/global/projectb/scratch/byu24/at.sc.db/scratch/sc_004_rRNA_filtered_2.fastq, k=21, edist=2, ref=/global/projectb/scratch/byu24/at.sc.db/scratch/at10/rrna_seqs.fa]
Version 38.51

0.030 seconds.
Initial:
Memory: max=26720m, total=26720m, free=26161m, used=559m

Added 38749053 kmers; time: 	8.852 seconds.
Memory: max=26720m, total=26720m, free=24249m, used=2471m

Input is being processed as paired
Started output streams:	0.879 seconds.
Processing time:   		443.679 seconds.

Input:                  	73338834 reads 		11074163934 bases.
Contaminants:           	6564878 reads (8.95%) 	991296578 bases (8.95%)
Total Removed:          	6564878 reads (8.95%) 	991296578 bases (8.95%)
Result:                 	66773956 reads (91.05%) 	10082867356 bases (91.05%)

Time:                         	453.414 seconds.
Reads Processed:      73338k 	161.75k reads/sec
Bases Processed:      11074m 	24.42m bases/sec
java -ea -Xmx40341m -Xms40341m -cp /global/projectb/scratch/byu24/bin/bbmap/current/ jgi.BBDuk in1=/global/projectb/scratch/byu24/at.sc.db/scratch/sc_004_rRNA_filtered_1.fastq in2=/global/projectb/scratch/byu24/at.sc.db/scratch/sc_004_rRNA_filtered_2.fastq out1=/global/projectb/scratch/byu24/at.sc.db/scratch/sc_004_rRNA_adapter_filtered_1.fastq out2=/global/projectb/scratch/byu24/at.sc.db/scratch/sc_004_R2.fastq ref=/global/projectb/scratch/byu24/bin/bbmap/resources/adapters.fa k=21 mink=11 minlen=19 edist=2 ktrim=r qtrim=30
Executing jgi.BBDuk [in1=/global/projectb/scratch/byu24/at.sc.db/scratch/sc_004_rRNA_filtered_1.fastq, in2=/global/projectb/scratch/byu24/at.sc.db/scratch/sc_004_rRNA_filtered_2.fastq, out1=/global/projectb/scratch/byu24/at.sc.db/scratch/sc_004_rRNA_adapter_filtered_1.fastq, out2=/global/projectb/scratch/byu24/at.sc.db/scratch/sc_004_R2.fastq, ref=/global/projectb/scratch/byu24/bin/bbmap/resources/adapters.fa, k=21, mink=11, minlen=19, edist=2, ktrim=r, qtrim=30]
Version 38.51

maskMiddle was disabled because useShortKmers=true
0.047 seconds.
Initial:
Memory: max=40539m, total=40539m, free=39693m, used=846m

Added 20330313 kmers; time: 	9.036 seconds.
Memory: max=40539m, total=40539m, free=37789m, used=2750m

Input is being processed as paired
Started output streams:	0.382 seconds.
Processing time:   		261.251 seconds.

Input:                  	66773956 reads 		10082867356 bases.
QTrimmed:               	64309908 reads (96.31%) 	6869137808 bases (68.13%)
KTrimmed:               	4071642 reads (6.10%) 	313892637 bases (3.11%)
Total Removed:          	16003876 reads (23.97%) 	7183030445 bases (71.24%)
Result:                 	50770080 reads (76.03%) 	2899836911 bases (28.76%)

Time:                         	270.694 seconds.
Reads Processed:      66773k 	246.68k reads/sec
Bases Processed:      10082m 	37.25m bases/sec
