Not a conda environment: /global/projectb/scratch/bjcole/bin/env_STARsolo
dc_021
10x_V2
src/trim_filter.sh: line 9: [[: 10x_V2: value too great for base (error token is "10x_V2")
src/trim_filter.sh: line 12: [[: 10x_V2: value too great for base (error token is "10x_V2")
src/trim_filter.sh: line 15: [[10x_V2: command not found
java -ea -Xmx26051m -Xms26051m -cp /global/projectb/scratch/bjcole/bin/bbmap/current/ jgi.BBDukF in1=/global/projectb/scratch/bjcole/at.sc.db/scratch/dc_021_1.fastq in2=/global/projectb/scratch/bjcole/at.sc.db/scratch/dc_021_2.fastq out1=/global/projectb/scratch/bjcole/at.sc.db/scratch/dc_021_rRNA_filtered_1.fastq out2=/global/projectb/scratch/bjcole/at.sc.db/scratch/dc_021_rRNA_filtered_2.fastq k=21 edist=2 ref=/global/projectb/scratch/bjcole/at.sc.db/scratch/at10/rrna_seqs.fa
Executing jgi.BBDukF [in1=/global/projectb/scratch/bjcole/at.sc.db/scratch/dc_021_1.fastq, in2=/global/projectb/scratch/bjcole/at.sc.db/scratch/dc_021_2.fastq, out1=/global/projectb/scratch/bjcole/at.sc.db/scratch/dc_021_rRNA_filtered_1.fastq, out2=/global/projectb/scratch/bjcole/at.sc.db/scratch/dc_021_rRNA_filtered_2.fastq, k=21, edist=2, ref=/global/projectb/scratch/bjcole/at.sc.db/scratch/at10/rrna_seqs.fa]
Version 38.26

0.219 seconds.
Initial:
Memory: max=26179m, total=26179m, free=25631m, used=548m

Added 38749053 kmers; time: 	8.923 seconds.
Memory: max=26179m, total=26179m, free=23759m, used=2420m

Input is being processed as paired
Started output streams:	0.074 seconds.
Processing time:   		1019.574 seconds.

Input:                  	416657060 reads 		25832737720 bases.
Contaminants:           	6128966 reads (1.47%) 	379995892 bases (1.47%)
Total Removed:          	6128966 reads (1.47%) 	379995892 bases (1.47%)
Result:                 	410528094 reads (98.53%) 	25452741828 bases (98.53%)

Time:                         	1028.591 seconds.
Reads Processed:        416m 	405.08k reads/sec
Bases Processed:      25832m 	25.11m bases/sec
java -ea -Xmx26140m -Xms26140m -cp /global/projectb/scratch/bjcole/bin/bbmap/current/ jgi.BBDukF in1=/global/projectb/scratch/bjcole/at.sc.db/scratch/dc_021_rRNA_filtered_1.fastq in2=/global/projectb/scratch/bjcole/at.sc.db/scratch/dc_021_rRNA_filtered_2.fastq out1=/global/projectb/scratch/bjcole/at.sc.db/scratch/dc_021_R1.fastq out2=/global/projectb/scratch/bjcole/at.sc.db/scratch/dc_021_R2.fastq ref=/global/projectb/scratch/bjcole/bin/bbmap/resources/adapters.fa k=21 mink=11 minlen=-1 edist=2 ktrim=r qtrim=30
Executing jgi.BBDukF [in1=/global/projectb/scratch/bjcole/at.sc.db/scratch/dc_021_rRNA_filtered_1.fastq, in2=/global/projectb/scratch/bjcole/at.sc.db/scratch/dc_021_rRNA_filtered_2.fastq, out1=/global/projectb/scratch/bjcole/at.sc.db/scratch/dc_021_R1.fastq, out2=/global/projectb/scratch/bjcole/at.sc.db/scratch/dc_021_R2.fastq, ref=/global/projectb/scratch/bjcole/bin/bbmap/resources/adapters.fa, k=21, mink=11, minlen=-1, edist=2, ktrim=r, qtrim=30]
Version 38.26

maskMiddle was disabled because useShortKmers=true
0.026 seconds.
Initial:
Memory: max=26267m, total=26267m, free=25718m, used=549m

Added 20133279 kmers; time: 	7.478 seconds.
Memory: max=26267m, total=26267m, free=24485m, used=1782m

Input is being processed as paired
Started output streams:	0.108 seconds.
Processing time:   		646.509 seconds.

Input:                  	410528094 reads 		25452741828 bases.
QTrimmed:               	178236615 reads (43.42%) 	5520676852 bases (21.69%)
KTrimmed:               	9847474 reads (2.40%) 	118816206 bases (0.47%)
Total Removed:          	0 reads (0.00%) 	5639493058 bases (22.16%)
Result:                 	410528094 reads (100.00%) 	19813248770 bases (77.84%)

Time:                         	654.101 seconds.
Reads Processed:        410m 	627.62k reads/sec
Bases Processed:      25452m 	38.91m bases/sec
